<?xml version="1.0" encoding="UTF-8"?>
<testsuite name="HackingTests" tests="1" skipped="0" failures="0" errors="0" timestamp="2024-05-11T16:04:13" hostname="MALLORY-PC" time="0.778">
  <properties/>
  <testcase name="start" classname="HackingTests" time="0.778"/>
  <system-out><![CDATA[?[1;31m
Start test 1?[0m
{password=Vfu42i, login=rootuser}
]]></system-out>
  <system-err><![CDATA[]]></system-err>
</testsuite>
